0 info it worked if it ends with ok
1 verbose cli [ 'node', '/usr/local/bin/npm', 'install', 'd3' ]
2 info using npm@1.4.28
3 info using node@v0.10.32
4 warn package.json smartfuse@1.0.0 No repository field.
5 warn package.json smartfuse@1.0.0 No README data
6 verbose readDependencies using package.json deps
7 verbose cache add [ 'd3', null ]
8 verbose cache add name=undefined spec="d3" args=["d3",null]
9 verbose parsed url { protocol: null,
9 verbose parsed url   slashes: null,
9 verbose parsed url   auth: null,
9 verbose parsed url   host: null,
9 verbose parsed url   port: null,
9 verbose parsed url   hostname: null,
9 verbose parsed url   hash: null,
9 verbose parsed url   search: null,
9 verbose parsed url   query: null,
9 verbose parsed url   pathname: 'd3',
9 verbose parsed url   path: 'd3',
9 verbose parsed url   href: 'd3' }
10 silly lockFile 7cfd024b-d3 d3
11 verbose lock d3 /Users/James/.npm/7cfd024b-d3.lock
12 silly lockFile 7cfd024b-d3 d3
13 silly lockFile 7cfd024b-d3 d3
14 verbose addNamed [ 'd3', '' ]
15 verbose addNamed [ null, '*' ]
16 silly lockFile 97977b46-d3 d3@
17 verbose lock d3@ /Users/James/.npm/97977b46-d3.lock
18 silly addNameRange { name: 'd3', range: '*', hasData: false }
19 verbose request where is /d3
20 verbose request registry https://registry.npmjs.org/
21 verbose request id ee3d66219e7e7605
22 verbose url raw /d3
23 verbose url resolving [ 'https://registry.npmjs.org/', './d3' ]
24 verbose url resolved https://registry.npmjs.org/d3
25 verbose request where is https://registry.npmjs.org/d3
26 info trying registry request attempt 1 at 01:31:13
27 http GET https://registry.npmjs.org/d3
28 http 200 https://registry.npmjs.org/d3
29 silly registry.get cb [ 200,
29 silly registry.get   { date: 'Fri, 16 Jan 2015 01:31:13 GMT',
29 silly registry.get     server: 'CouchDB/1.5.0 (Erlang OTP/R16B03)',
29 silly registry.get     etag: '"5EACWDEALBFEJWTYOOGB16X8H"',
29 silly registry.get     'content-type': 'application/json',
29 silly registry.get     'cache-control': 'max-age=60',
29 silly registry.get     'content-length': '104676',
29 silly registry.get     'accept-ranges': 'bytes',
29 silly registry.get     via: '1.1 varnish',
29 silly registry.get     age: '0',
29 silly registry.get     'x-served-by': 'cache-ams4148-AMS',
29 silly registry.get     'x-cache': 'MISS',
29 silly registry.get     'x-cache-hits': '0',
29 silly registry.get     'x-timer': 'S1421371872.944331,VS0,VE679',
29 silly registry.get     vary: 'Accept',
29 silly registry.get     'keep-alive': 'timeout=10, max=50',
29 silly registry.get     connection: 'Keep-Alive' } ]
30 silly addNameRange number 2 { name: 'd3', range: '*', hasData: true }
31 silly addNameRange versions [ 'd3',
31 silly addNameRange   [ '1.29.5',
31 silly addNameRange     '2.1.3',
31 silly addNameRange     '2.2.1',
31 silly addNameRange     '2.3.0',
31 silly addNameRange     '2.3.2',
31 silly addNameRange     '2.3.3',
31 silly addNameRange     '2.3.4',
31 silly addNameRange     '2.4.0',
31 silly addNameRange     '2.4.1',
31 silly addNameRange     '2.4.2',
31 silly addNameRange     '2.5.1',
31 silly addNameRange     '2.5.2',
31 silly addNameRange     '2.6.0',
31 silly addNameRange     '2.7.0',
31 silly addNameRange     '2.7.2',
31 silly addNameRange     '2.7.3',
31 silly addNameRange     '2.7.4',
31 silly addNameRange     '2.7.5',
31 silly addNameRange     '2.8.0',
31 silly addNameRange     '2.8.1',
31 silly addNameRange     '2.9.0',
31 silly addNameRange     '2.9.1',
31 silly addNameRange     '2.9.2',
31 silly addNameRange     '2.9.3',
31 silly addNameRange     '2.9.4',
31 silly addNameRange     '2.9.6',
31 silly addNameRange     '2.9.7',
31 silly addNameRange     '2.10.0',
31 silly addNameRange     '2.10.1',
31 silly addNameRange     '2.10.3',
31 silly addNameRange     '3.0.0',
31 silly addNameRange     '3.0.1',
31 silly addNameRange     '3.0.2',
31 silly addNameRange     '3.0.3',
31 silly addNameRange     '3.0.4',
31 silly addNameRange     '3.0.5',
31 silly addNameRange     '3.0.6',
31 silly addNameRange     '3.0.7',
31 silly addNameRange     '3.0.8',
31 silly addNameRange     '3.1.0',
31 silly addNameRange     '3.1.1',
31 silly addNameRange     '3.1.2',
31 silly addNameRange     '3.1.3',
31 silly addNameRange     '3.1.4',
31 silly addNameRange     '3.1.5',
31 silly addNameRange     '3.1.6',
31 silly addNameRange     '3.1.7',
31 silly addNameRange     '3.1.8',
31 silly addNameRange     '3.1.9',
31 silly addNameRange     '3.1.10',
31 silly addNameRange     '3.2.0',
31 silly addNameRange     '3.2.1',
31 silly addNameRange     '3.2.2',
31 silly addNameRange     '3.2.3',
31 silly addNameRange     '3.2.4',
31 silly addNameRange     '3.2.5',
31 silly addNameRange     '3.2.6',
31 silly addNameRange     '3.2.7',
31 silly addNameRange     '3.2.8',
31 silly addNameRange     '3.3.0',
31 silly addNameRange     '3.3.1',
31 silly addNameRange     '3.3.2',
31 silly addNameRange     '3.3.3',
31 silly addNameRange     '3.3.4',
31 silly addNameRange     '3.3.5',
31 silly addNameRange     '3.3.6',
31 silly addNameRange     '3.3.7',
31 silly addNameRange     '3.3.8',
31 silly addNameRange     '3.3.9',
31 silly addNameRange     '3.3.10',
31 silly addNameRange     '3.3.11',
31 silly addNameRange     '3.3.12',
31 silly addNameRange     '3.3.13',
31 silly addNameRange     '3.4.0',
31 silly addNameRange     '3.4.1',
31 silly addNameRange     '3.4.2',
31 silly addNameRange     '3.4.3',
31 silly addNameRange     '3.4.4',
31 silly addNameRange     '3.4.5',
31 silly addNameRange     '3.4.6',
31 silly addNameRange     '3.4.7',
31 silly addNameRange     '3.4.8',
31 silly addNameRange     '3.4.9',
31 silly addNameRange     '3.4.10',
31 silly addNameRange     '3.4.11',
31 silly addNameRange     '3.4.12',
31 silly addNameRange     '3.4.13',
31 silly addNameRange     '3.5.0',
31 silly addNameRange     '3.5.1',
31 silly addNameRange     '3.5.2',
31 silly addNameRange     '3.5.3' ] ]
32 verbose addNamed [ 'd3', '3.5.3' ]
33 verbose addNamed [ '3.5.3', '3.5.3' ]
34 silly lockFile e082be4c-d3-3-5-3 d3@3.5.3
35 verbose lock d3@3.5.3 /Users/James/.npm/e082be4c-d3-3-5-3.lock
36 silly lockFile f9dc4c3e-gistry-npmjs-org-d3-d3-3-5-3-tgz https://registry.npmjs.org/d3/-/d3-3.5.3.tgz
37 verbose lock https://registry.npmjs.org/d3/-/d3-3.5.3.tgz /Users/James/.npm/f9dc4c3e-gistry-npmjs-org-d3-d3-3-5-3-tgz.lock
38 verbose addRemoteTarball [ 'https://registry.npmjs.org/d3/-/d3-3.5.3.tgz',
38 verbose addRemoteTarball   '6f9be4525a95883dd342af5adbdf08d6a7dde5c2' ]
39 info retry fetch attempt 1 at 01:31:14
40 verbose fetch to= /var/folders/3z/1y09kb294wj5jcyqh09x0th00000gp/T/npm-34470-PtNVQw6i/registry.npmjs.org/d3/-/d3-3.5.3.tgz
41 http GET https://registry.npmjs.org/d3/-/d3-3.5.3.tgz
42 http 200 https://registry.npmjs.org/d3/-/d3-3.5.3.tgz
43 silly lockFile f9dc4c3e-gistry-npmjs-org-d3-d3-3-5-3-tgz https://registry.npmjs.org/d3/-/d3-3.5.3.tgz
44 silly lockFile f9dc4c3e-gistry-npmjs-org-d3-d3-3-5-3-tgz https://registry.npmjs.org/d3/-/d3-3.5.3.tgz
45 silly lockFile e082be4c-d3-3-5-3 d3@3.5.3
46 silly lockFile e082be4c-d3-3-5-3 d3@3.5.3
47 silly lockFile 97977b46-d3 d3@
48 silly lockFile 97977b46-d3 d3@
49 silly resolved [ { name: 'd3',
49 silly resolved     version: '3.5.3',
49 silly resolved     description: 'A JavaScript visualization library for HTML and SVG.',
49 silly resolved     keywords: [ 'dom', 'w3c', 'visualization', 'svg', 'animation', 'canvas' ],
49 silly resolved     homepage: 'http://d3js.org',
49 silly resolved     author: { name: 'Mike Bostock', url: 'http://bost.ocks.org/mike' },
49 silly resolved     contributors: [ [Object] ],
49 silly resolved     repository: { type: 'git', url: 'https://github.com/mbostock/d3.git' },
49 silly resolved     main: 'index.js',
49 silly resolved     browserify: 'd3.js',
49 silly resolved     jspm:
49 silly resolved      { main: 'd3',
49 silly resolved        shim: [Object],
49 silly resolved        files: [Object],
49 silly resolved        buildConfig: [Object] },
49 silly resolved     jam: { main: 'd3.js', shim: [Object] },
49 silly resolved     spm: { main: 'd3.js' },
49 silly resolved     dependencies: { jsdom: '1.0.0' },
49 silly resolved     devDependencies:
49 silly resolved      { smash: '~0.0.12',
49 silly resolved        'uglify-js': '2.4.0',
49 silly resolved        vows: '0.7.0',
49 silly resolved        seedrandom: '2.3.1' },
49 silly resolved     scripts: { test: 'vows; echo' },
49 silly resolved     licenses: [ [Object] ],
49 silly resolved     gitHead: '4e4709ce47d5c9406290dc2a467cef08002fc9b7',
49 silly resolved     bugs: { url: 'https://github.com/mbostock/d3/issues' },
49 silly resolved     _id: 'd3@3.5.3',
49 silly resolved     _shasum: '6f9be4525a95883dd342af5adbdf08d6a7dde5c2',
49 silly resolved     _from: 'd3@',
49 silly resolved     _npmVersion: '2.1.11',
49 silly resolved     _nodeVersion: '0.10.33',
49 silly resolved     _npmUser: { name: 'mbostock', email: 'mbostock@gmail.com' },
49 silly resolved     maintainers: [ [Object], [Object] ],
49 silly resolved     dist:
49 silly resolved      { shasum: '6f9be4525a95883dd342af5adbdf08d6a7dde5c2',
49 silly resolved        tarball: 'http://registry.npmjs.org/d3/-/d3-3.5.3.tgz' },
49 silly resolved     directories: {},
49 silly resolved     _resolved: 'https://registry.npmjs.org/d3/-/d3-3.5.3.tgz' } ]
50 info install d3@3.5.3 into /Users/James/Desktop/FYP/app/SmartFuse
51 info installOne d3@3.5.3
52 verbose node_modules/d3 unbuild
53 verbose tar unpack /Users/James/.npm/d3/3.5.3/package.tgz
54 silly lockFile ccd3d20c-YP-app-SmartFuse-node-modules-d3 tar:///Users/James/Desktop/FYP/app/SmartFuse/node_modules/d3
55 verbose lock tar:///Users/James/Desktop/FYP/app/SmartFuse/node_modules/d3 /Users/James/.npm/ccd3d20c-YP-app-SmartFuse-node-modules-d3.lock
56 silly lockFile 8e0a8ce1-s-James-npm-d3-3-5-3-package-tgz tar:///Users/James/.npm/d3/3.5.3/package.tgz
57 verbose lock tar:///Users/James/.npm/d3/3.5.3/package.tgz /Users/James/.npm/8e0a8ce1-s-James-npm-d3-3-5-3-package-tgz.lock
58 silly gunzTarPerm modes [ '755', '644' ]
59 error Error: EACCES, mkdir '/Users/James/Desktop/FYP/app/SmartFuse/node_modules/d3'
59 error  { [Error: EACCES, mkdir '/Users/James/Desktop/FYP/app/SmartFuse/node_modules/d3']
59 error   errno: 3,
59 error   code: 'EACCES',
59 error   path: '/Users/James/Desktop/FYP/app/SmartFuse/node_modules/d3',
59 error   fstream_type: 'Directory',
59 error   fstream_path: '/Users/James/Desktop/FYP/app/SmartFuse/node_modules/d3',
59 error   fstream_class: 'DirWriter',
59 error   fstream_stack:
59 error    [ '/usr/local/lib/node_modules/npm/node_modules/fstream/lib/dir-writer.js:36:23',
59 error      '/usr/local/lib/node_modules/npm/node_modules/mkdirp/index.js:46:53',
59 error      'Object.oncomplete (fs.js:107:15)' ] }
60 error Please try running this command again as root/Administrator.
61 error System Darwin 14.0.0
62 error command "node" "/usr/local/bin/npm" "install" "d3"
63 error cwd /Users/James/Desktop/FYP/app/SmartFuse
64 error node -v v0.10.32
65 error npm -v 1.4.28
66 error path /Users/James/Desktop/FYP/app/SmartFuse/node_modules/d3
67 error fstream_path /Users/James/Desktop/FYP/app/SmartFuse/node_modules/d3
68 error fstream_type Directory
69 error fstream_class DirWriter
70 error code EACCES
71 error errno 3
72 error stack Error: EACCES, mkdir '/Users/James/Desktop/FYP/app/SmartFuse/node_modules/d3'
73 error fstream_stack /usr/local/lib/node_modules/npm/node_modules/fstream/lib/dir-writer.js:36:23
73 error fstream_stack /usr/local/lib/node_modules/npm/node_modules/mkdirp/index.js:46:53
73 error fstream_stack Object.oncomplete (fs.js:107:15)
74 verbose exit [ 3, true ]
